make.exe all --print-data-base --no-builtin-variables --no-builtin-rules --question
# GNU Make 3.82.90
# Built for i686-pc-mingw32
# Copyright (C) 1988-2012 Free Software Foundation, Inc.
# License GPLv3+: GNU GPL version 3 or later <http://gnu.org/licenses/gpl.html>
# This is free software: you are free to change and redistribute it.
# There is NO WARRANTY, to the extent permitted by law.
 

# Make data base, printed on Thu Mar 17 08:35:20 2022

# Variables

# automatic
<D = $(patsubst %/,%,$(patsubst %\,%,$(dir $<)))
# automatic
?F = $(notdir $?)
# default
.SHELLFLAGS := -c
# makefile
MAKEFLAGS = Rrqp
# environment
VSCODE_LOG_NATIVE = false
# automatic
?D = $(patsubst %/,%,$(patsubst %\,%,$(dir $?)))
# automatic
@D = $(patsubst %/,%,$(patsubst %\,%,$(dir $@)))
# environment
HOMEDRIVE = C:
# automatic
@F = $(notdir $@)
# automatic
^D = $(patsubst %/,%,$(patsubst %\,%,$(dir $^)))
# makefile
CUR 
DIR := d:/workplace/FAT32Writer/fat32writer
# default
SHELL := sh.exe
# environment
WINDIR = C:\Windows
# environment
VSCODE_NLS_CONFIG = {"locale":"zh-cn","availableLanguages":{"*":"zh-cn"},"_languagePackId":"2d459c3c1e4312b6770e21efe80cc342.zh-cn","_translationsConfigFile":"C:\\Users\\33104\\AppData\\Roaming\\Code\\clp\\2d459c3c1e4312b6770e21efe80cc342.zh-cn\\tcf.json","_cacheRoot":"C:\\Users\\33104\\AppData\\Roaming\\Code\\clp\\2d459c3c1e4312b6770e21efe80cc342.zh-cn","_resolvedLanguagePackCoreLocation":" 
C:\\Users\\33104\\AppData\\Roaming\\Code\\clp\\2d459c3c1e4312b6770e21efe80cc342.zh-cn\\c722ca6c7eed3d7987c0d5c3df5c45f6b15e77d1","_corruptedFile":"C:\\Users\\33104\\AppData\\Roaming\\Code\\clp\\2d459c3c1e4312b6770e21efe80cc342.zh-cn\\corrupted.info","_languagePackSupport":true}
# environment
ONEDRIVE = C:\Users\33104\OneDrive
# environment
PATHEXT = .COM;.EXE;.BAT;.CMD;.VBS;.VBE;.JS;.JSE;.WSF;.WSH;.MSC
# makefile
MAKEFILE_LIST := 
# environment
TMP = C:\Users\33104\AppData\Local\Temp
# environment
VSCODE_VE 
RBOSE_LOGGING = true
# environment
PROGRAMW6432 = C:\Program Files
# environment
PROGRAMDATA = C:\ProgramData
# environment
VSCODE_IPC_HOOK_EXTHOST = \\.\pipe\vscode-ipc-73859cdd-5910-48b9-af0c-f709e98ef2dc-sock
# environment
VSCODE_CWD = E:\Microsoft VS Code
# environment
PATH = C:\Windows\system32;C:\Windows;C:\Windows\System32\Wbem;C:\Windows\System32\WindowsPowerShell\v1.0\;C:\Windows\System32\OpenSSH\;D:\workplace\wiselotOS\MinGW\bin;D:\workplace\wiselotOS\Bochs-2.7;C:\Program Files\Java\jdk-17.0.1\bin;E:\platform-tools;D:\workplace\WiselotOS\tools\nasm-2.15.05;D:\workplace\WiselotOS\tools\Bochs-2.7;D:\workplace\WiselotOS\tools\linux-cross;C:\Program Files\qemu;E:\MinGW64\bin;E:\Git\cmd;C:\Users\33104\AppData\Local\Microsoft\WindowsApps;;E:\IntelliJ IDEA Community Edition 2021.3.2\bin;;C:\Program Files\Azure Data Studio\bin;E:\Microsoft VS Code\bin
# environment
COMMONPROGRAMW6432 = C:\Program Files\Common Files
# environment
PROCESSOR_ARCHITECTURE = x86
# environment
USERPROFILE = C:\Users\33104
# envir 
onment
ALLUSERSPROFILE = C:\ProgramData
# environment
VSCODE_LOG_STACK = false
# environment
NUMBER_OF_PROCESSORS = 4
# environment
ELECTRON_RUN_AS_NODE = 1
# default
.FEATURES := target-specific order-only second-expansion else-if shortest-stem undefine oneshell archives jobserver
# automatic
%F = $(notdir $%)
# environment
CHROME_CRASHPAD_PIPE_NAME = \\.\pipe\crashpad_13168_NOLIYUQPQWVKSCHH
# environment
VSCODE_PIPE_LOGGING = true
# environment
COMPUTERNAME = DESKTOP-E1L0MVR
# environment
PROGRAMFILES = C 
:\Program Files (x86)
# environment
DRIVERDATA = C:\Windows\System32\Drivers\DriverData
# environment
ORIGINAL_XDG_CURRENT_DESKTOP = undefined
# environment
USERNAME = 33104
# environment
PUBLIC = C:\Users\Public
# environment
VSCODE_AMD_ENTRYPOINT = vs/workbench/api/node/extensionHostProcess
# environment
VSCODE_CODE_CACHE_PATH = C:\Users\33104\AppData\Roaming\Code\CachedData\c722ca6c7eed3d7987c0d5c3df5c45f6b15e77d1
# environment
APPLICATION_INSIGHTS_NO_DIAGNOSTIC_CHANNEL = 1
# environment
COMMONPROGRAMFIL 
ES = C:\Program Files (x86)\Common Files
# environment
LOGONSERVER = \\DESKTOP-E1L0MVR
# environment
ONEDRIVECONSUMER = C:\Users\33104\OneDrive
# environment
VSCODE_HANDLES_UNCAUGHT_ERRORS = true
# environment
USERDOMAIN = DESKTOP-E1L0MVR
# environment
MAKELEVEL := 0
# environment
INTELLIJ IDEA COMMUNITY EDITION = E:\IntelliJ IDEA Community Edition 2021.3.2\bin;
# default
MAKE = $(MAKE_COMMAND)
# default
MAKECMDGOALS := all
# environment
JAVA_HOME = C:\Program Files\Java\jdk-17.0.1
# default
MAKE_VERSION := 3.82.90
# makefile
.DEFAULT_GOAL := 
# environment
PROGRAMFILES(X86) = C:\Program Files (x86)
# automatic
%D = $(patsubst %/,%,$(patsubst %\,%,$(dir $%)))
# environment
LOCALAPPDATA = C:\Users\33104\AppData\Local
# environment
PSMODULEPATH = C:\Program Files\WindowsPowerShell\Modules;C:\Windows\system32\WindowsPowerShell\v1.0\Modules
# default
MAKE_COMMAND := make.exe
# environment
PROCESSOR_ARCHITEW6432 = AMD64
# default
.VARIABLES := 
# automatic
*F = $(notdir $*)
# environment
PROCESSOR_IDENTIFIER = Int 
el64 Family 6 Model 61 Stepping 4, GenuineIntel
# environment
OS = Windows_NT
# environment
VSCODE_IPC_HOOK = \\.\pipe\e985945fc7da470197dd523001e185d8-1.65.2-main-sock
# environment
HOMEPATH = \Users\33104
# environment
COMMONPROGRAMFILES(X86) = C:\Program Files (x86)\Common Files
# environment
PROMPT = $P$G
# environment
MFLAGS = -Rrqp
# automatic
*D = $(patsubst %/,%,$(patsubst %\,%,$(dir $*)))
# environment
SYSTEMROOT = C:\Windows
# automatic
+D = $(patsubst %/,%,$(patsubst %\,%,$(dir $+)))
# automatic
 
+F = $(notdir $+)
# environment
APPDATA = C:\Users\33104\AppData\Roaming
# environment
TEMP = C:\Users\33104\AppData\Local\Temp
# environment
COMSPEC = C:\Windows\system32\cmd.exe
# default
MAKEFILES := 
# automatic
<F = $(notdir $<)
# environment
LC_ALL = C
# automatic
^F = $(notdir $^)
# default
SUFFIXES := 
# environment
SYSTEMDRIVE = C:
# environment
SESSIONNAME = Console
# environment
PROCESSOR_REVISION = 3d04
# default
.RECIPEPREFIX := 
# environment
LANG = C
# environment
PROCESSOR_LEVEL = 6
# enviro 
nment
VSCODE_PID = 13168
# environment
USERDOMAIN_ROAMINGPROFILE = DESKTOP-E1L0MVR
# variable set hash-table stats:
# Load=91/1024=9%, Rehash=0, Collisions=11/106=10%

# Pattern-specific Variable Values

# No pattern-specific variable values.

# Directories

# : could not be stat'd.
# D:\workplace\WiselotOS\tools\nasm-2.15.05: could not be stat'd.
# C:\Windows\System32\WindowsPowerShell\v1.0\ (key C:/Windows/System32/WindowsPowerShell/v1.0/, mtime 1630480201): 32 files, no impossibilities.
# . (key d:/workp 
lace/FAT32Writer/fat32writer, mtime 1647477199): 8 files, no impossibilities.
# E:\Microsoft VS Code\bin (key E:/Microsoft VS Code/bin, mtime 1647436501): 4 files, no impossibilities.
# C:\Program Files\Java\jdk-17.0.1\bin (key C:/Program Files/Java/jdk-17.0.1/bin, mtime 1637934738): 123 files, no impossibilities.
# C:\Windows\System32\OpenSSH\: could not be stat'd.
# E:\IntelliJ IDEA Community Edition 2021.3.2\bin: could not be stat'd.
# E:\MinGW64\bin (key E:/MinGW64/bin, mtime 1644674427): 127 files, no  
impossibilities.
# D:\workplace\wiselotOS\Bochs-2.7: could not be stat'd.
# C:\Windows (key C:/Windows, mtime 1644648889): 109 files, no impossibilities.
# C:\Program Files\qemu (key C:/Program Files/qemu, mtime 1644721670): 3 files, no impossibilities.
# E:\platform-tools (key E:/platform-tools, mtime 1643973176): 18 files, no impossibilities.
# E:\Git\cmd (key E:/Git/cmd, mtime 1647437954): 8 files, no impossibilities.
# D:\workplace\WiselotOS\tools\Bochs-2.7: could not be stat'd.
# C:\Windows\System32\Wb 
em (key C:/Windows/System32/Wbem, mtime 1644648891): 172 files, no impossibilities.
# D:\workplace\WiselotOS\tools\linux-cross: could not be stat'd.
# D:\workplace\wiselotOS\MinGW\bin: could not be stat'd.
# C:\Windows\system32 (key C:/Windows/system32, mtime 1647433751): 2942 files, no impossibilities.
# C:\Program Files\Azure Data Studio\bin: could not be stat'd.
# C:\Users\33104\AppData\Local\Microsoft\WindowsApps (key C:/Users/33104/AppData/Local/Microsoft/WindowsApps, mtime 1644573203): 15 files, no im 
possibilities.

# 3561 files, no impossibilities in 21 directories.

# Implicit Rules

# No implicit rules.

# Files

# Not a target:
all:
#  Command line target.
#  Implicit rule search has been done.
#  File does not exist.
#  File has not been updated.

# Not a target:
.SUFFIXES:
#  Implicit rule search has not been done.
#  Modification time never checked.
#  File has not been updated.

# Not a target:
Makefile:
#  Implicit rule search has been done.
#  File does not exist.
#  File has been updated.
#   
Failed to be updated.

# Not a target:
makefile:
#  Implicit rule search has been done.
#  File does not exist.
#  File has been updated.
#  Failed to be updated.

# Not a target:
.DEFAULT:
#  Implicit rule search has not been done.
#  Modification time never checked.
#  File has not been updated.

# Not a target:
GNUmakefile:
#  Implicit rule search has been done.
#  File does not exist.
#  File has been updated.
#  Failed to be updated.

# files hash-table stats:
# Load=6/1024=1%, Rehash=0, Collisions=0/1 
5=0%
# VPATH Search Paths

# No 'vpath' search paths.

# No general ('VPATH' variable) search path.

# strcache buffers: 7 (4) / strings = 3503 / storage = 53284 B / avg = 15 B
# current buf: size = 8174 B / used = 4294 B / count = 289 / avg = 14 B
# other used: total = 45110 B / count = 3214 / avg = 14 B
# other free: total = 54 B / max = 16 B / min = 3 B / avg = 9 B

# strcache performance: lookups = 3589 / hit rate = 2%
# hash-table stats:
# Load=3503/8192=43%, Rehash=0, Collisions=1201/3589=33%
# Finish 
ed Make data base on Thu Mar 17 08:35:20 2022

 
make.exe: *** No rule to make target 'all'.  Stop.
 
